  stdafx.cpp
  Camera.cpp
d:\opencv470\opencv\build\include\opencv2\objdetect\aruco_board.hpp : warning C4819: 该文件包含不能在当前代码页(936)中表示的字符。请将该文件保存为 Unicode 格式以防止数据丢失
d:\simon_workspace\ar_microscopy_ui\roboticbiopsy-laserspermimmobilization_0615_341\camera.cpp(41): warning C4305: “return”: 从“int”到“bool”截断
  CvvImage.cpp
d:\opencv470\opencv\build\include\opencv2\objdetect\aruco_board.hpp : warning C4819: 该文件包含不能在当前代码页(936)中表示的字符。请将该文件保存为 Unicode 格式以防止数据丢失
d:\simon_workspace\ar_microscopy_ui\roboticbiopsy-laserspermimmobilization_0615_341\cvvimage.cpp(126): warning C4267: “初始化”: 从“size_t”转换到“int”，可能丢失数据
d:\simon_workspace\ar_microscopy_ui\roboticbiopsy-laserspermimmobilization_0615_341\cvvimage.cpp(249): warning C4267: “参数”: 从“size_t”转换到“int”，可能丢失数据
  DirectionVector.cpp
d:\opencv470\opencv\build\include\opencv2\objdetect\aruco_board.hpp : warning C4819: 该文件包含不能在当前代码页(936)中表示的字符。请将该文件保存为 Unicode 格式以防止数据丢失
  Dlg_Tools.cpp
d:\opencv470\opencv\build\include\opencv2\objdetect\aruco_board.hpp : warning C4819: 该文件包含不能在当前代码页(936)中表示的字符。请将该文件保存为 Unicode 格式以防止数据丢失
d:\simon_workspace\ar_microscopy_ui\roboticbiopsy-laserspermimmobilization_0615_341\dlg_tools.cpp(261): warning C4244: “参数”: 从“double”转换到“float”，可能丢失数据
d:\simon_workspace\ar_microscopy_ui\roboticbiopsy-laserspermimmobilization_0615_341\dlg_tools.cpp(274): warning C4244: “参数”: 从“double”转换到“float”，可能丢失数据
d:\simon_workspace\ar_microscopy_ui\roboticbiopsy-laserspermimmobilization_0615_341\dlg_tools.cpp(287): warning C4244: “参数”: 从“double”转换到“float”，可能丢失数据
d:\simon_workspace\ar_microscopy_ui\roboticbiopsy-laserspermimmobilization_0615_341\dlg_tools.cpp(300): warning C4244: “参数”: 从“double”转换到“float”，可能丢失数据
d:\simon_workspace\ar_microscopy_ui\roboticbiopsy-laserspermimmobilization_0615_341\dlg_tools.cpp(314): warning C4244: “参数”: 从“double”转换到“float”，可能丢失数据
d:\simon_workspace\ar_microscopy_ui\roboticbiopsy-laserspermimmobilization_0615_341\dlg_tools.cpp(327): warning C4244: “参数”: 从“double”转换到“float”，可能丢失数据
  EppendorfPump.cpp
d:\simon_workspace\ar_microscopy_ui\roboticbiopsy-laserspermimmobilization_0615_341\eppendorfpump.cpp(91): warning C4244: “参数”: 从“__int64”转换到“double”，可能丢失数据
d:\simon_workspace\ar_microscopy_ui\roboticbiopsy-laserspermimmobilization_0615_341\eppendorfpump.cpp(97): warning C4477: “fprintf”: 格式字符串“%s”需要类型“char *”的参数，但可变参数 1 拥有了类型“int”
d:\simon_workspace\ar_microscopy_ui\roboticbiopsy-laserspermimmobilization_0615_341\eppendorfpump.cpp(97): warning C4313: “fprintf”: 格式字符串中的“%s”与“int”类型的参数 1 冲突
d:\simon_workspace\ar_microscopy_ui\roboticbiopsy-laserspermimmobilization_0615_341\eppendorfpump.cpp(112): warning C4244: “参数”: 从“__int64”转换到“double”，可能丢失数据
d:\simon_workspace\ar_microscopy_ui\roboticbiopsy-laserspermimmobilization_0615_341\eppendorfpump.cpp(122): warning C4244: “return”: 从“double”转换到“__int64”，可能丢失数据
  MainFrm.cpp
d:\opencv470\opencv\build\include\opencv2\objdetect\aruco_board.hpp : warning C4819: 该文件包含不能在当前代码页(936)中表示的字符。请将该文件保存为 Unicode 格式以防止数据丢失
d:\simon_workspace\ar_microscopy_ui\roboticbiopsy-laserspermimmobilization_0615_341\mainfrm.cpp(41): warning C4244: “参数”: 从“double”转换到“int”，可能丢失数据
d:\simon_workspace\ar_microscopy_ui\roboticbiopsy-laserspermimmobilization_0615_341\mainfrm.cpp(566): warning C4390: “;”: 找到空的受控语句；这是否是有意的?
d:\simon_workspace\ar_microscopy_ui\roboticbiopsy-laserspermimmobilization_0615_341\mainfrm.cpp(703): warning C4244: “参数”: 从“int”转换到“float”，可能丢失数据
d:\simon_workspace\ar_microscopy_ui\roboticbiopsy-laserspermimmobilization_0615_341\mainfrm.cpp(753): warning C4244: “初始化”: 从“double”转换到“float”，可能丢失数据
d:\simon_workspace\ar_microscopy_ui\roboticbiopsy-laserspermimmobilization_0615_341\mainfrm.cpp(754): warning C4244: “初始化”: 从“double”转换到“float”，可能丢失数据
d:\simon_workspace\ar_microscopy_ui\roboticbiopsy-laserspermimmobilization_0615_341\mainfrm.cpp(764): warning C4244: “初始化”: 从“_Tp”转换到“float”，可能丢失数据
          with
          [
              _Tp=int
          ]
d:\simon_workspace\ar_microscopy_ui\roboticbiopsy-laserspermimmobilization_0615_341\mainfrm.cpp(765): warning C4244: “初始化”: 从“_Tp”转换到“float”，可能丢失数据
          with
          [
              _Tp=int
          ]
d:\simon_workspace\ar_microscopy_ui\roboticbiopsy-laserspermimmobilization_0615_341\mainfrm.cpp(810): warning C4244: “初始化”: 从“_Tp”转换到“int”，可能丢失数据
          with
          [
              _Tp=double
          ]
d:\simon_workspace\ar_microscopy_ui\roboticbiopsy-laserspermimmobilization_0615_341\mainfrm.cpp(834): warning C4244: “参数”: 从“double”转换到“float”，可能丢失数据
  Methods.cpp
d:\opencv470\opencv\build\include\opencv2\objdetect\aruco_board.hpp : warning C4819: 该文件包含不能在当前代码页(936)中表示的字符。请将该文件保存为 Unicode 格式以防止数据丢失
d:\simon_workspace\ar_microscopy_ui\roboticbiopsy-laserspermimmobilization_0615_341\methods.cpp(58): warning C4477: “printf”: 格式字符串“%d”需要类型“int”的参数，但可变参数 1 拥有了类型“double”
d:\simon_workspace\ar_microscopy_ui\roboticbiopsy-laserspermimmobilization_0615_341\methods.cpp(115): warning C4996: 'localtime': This function or variable may be unsafe. Consider using localtime_s instead. To disable deprecation, use _CRT_SECURE_NO_WARNINGS. See online help for details.
  c:\program files (x86)\windows kits\10\include\10.0.17763.0\ucrt\time.h(506): note: 参见“localtime”的声明
d:\simon_workspace\ar_microscopy_ui\roboticbiopsy-laserspermimmobilization_0615_341\methods.cpp(151): warning C4267: “初始化”: 从“size_t”转换到“int”，可能丢失数据
d:\simon_workspace\ar_microscopy_ui\roboticbiopsy-laserspermimmobilization_0615_341\methods.cpp(193): warning C4554: “&”: 检查运算符优先级是否存在的可能的错误；使用括号阐明优先级
d:\simon_workspace\ar_microscopy_ui\roboticbiopsy-laserspermimmobilization_0615_341\methods.cpp(227): warning C4244: “参数”: 从“double”转换到“_Tp”，可能丢失数据
          with
          [
              _Tp=int
          ]
d:\simon_workspace\ar_microscopy_ui\roboticbiopsy-laserspermimmobilization_0615_341\methods.cpp(439): warning C4244: “参数”: 从“float”转换到“_Tp”，可能丢失数据
          with
          [
              _Tp=int
          ]
d:\simon_workspace\ar_microscopy_ui\roboticbiopsy-laserspermimmobilization_0615_341\methods.cpp(765): warning C4267: “初始化”: 从“size_t”转换到“int”，可能丢失数据
d:\simon_workspace\ar_microscopy_ui\roboticbiopsy-laserspermimmobilization_0615_341\methods.cpp(765): warning C4267: “初始化”: 从“size_t”转换到“const int”，可能丢失数据
d:\simon_workspace\ar_microscopy_ui\roboticbiopsy-laserspermimmobilization_0615_341\methods.cpp(799): warning C4267: “初始化”: 从“size_t”转换到“int”，可能丢失数据
d:\simon_workspace\ar_microscopy_ui\roboticbiopsy-laserspermimmobilization_0615_341\methods.cpp(808): warning C4244: “=”: 从“double”转换到“_Tp”，可能丢失数据
          with
          [
              _Tp=float
          ]
d:\simon_workspace\ar_microscopy_ui\roboticbiopsy-laserspermimmobilization_0615_341\methods.cpp(819): warning C4244: “=”: 从“const _Ty”转换到“_Tp”，可能丢失数据
          with
          [
              _Ty=double
          ]
          and
          [
              _Tp=float
          ]
d:\simon_workspace\ar_microscopy_ui\roboticbiopsy-laserspermimmobilization_0615_341\methods.cpp(826): warning C4018: “<=”: 有符号/无符号不匹配
  PDAFfilter.cpp
d:\opencv470\opencv\build\include\opencv2\objdetect\aruco_board.hpp : warning C4819: 该文件包含不能在当前代码页(936)中表示的字符。请将该文件保存为 Unicode 格式以防止数据丢失
d:\simon_workspace\ar_microscopy_ui\roboticbiopsy-laserspermimmobilization_0615_341\pdaffilter.h(39): warning C4244: “=”: 从“double”转换到“float”，可能丢失数据
d:\simon_workspace\ar_microscopy_ui\roboticbiopsy-laserspermimmobilization_0615_341\pdaffilter.cpp(19): warning C4305: “初始化”: 从“double”到“float”截断
d:\simon_workspace\ar_microscopy_ui\roboticbiopsy-laserspermimmobilization_0615_341\pdaffilter.cpp(34): warning C4305: “=”: 从“double”到“float”截断
d:\simon_workspace\ar_microscopy_ui\roboticbiopsy-laserspermimmobilization_0615_341\pdaffilter.cpp(35): warning C4305: “=”: 从“double”到“float”截断
d:\simon_workspace\ar_microscopy_ui\roboticbiopsy-laserspermimmobilization_0615_341\pdaffilter.cpp(106): warning C4267: “初始化”: 从“size_t”转换到“int”，可能丢失数据
d:\simon_workspace\ar_microscopy_ui\roboticbiopsy-laserspermimmobilization_0615_341\pdaffilter.cpp(320): warning C4244: “参数”: 从“double”转换到“_Tp”，可能丢失数据
          with
          [
              _Tp=float
          ]
d:\simon_workspace\ar_microscopy_ui\roboticbiopsy-laserspermimmobilization_0615_341\pdaffilter.cpp(320): warning C4244: “参数”: 从“double”转换到“float”，可能丢失数据
  PriorStage.cpp
  RS232Communication.cpp
d:\simon_workspace\ar_microscopy_ui\roboticbiopsy-laserspermimmobilization_0615_341\rs232communication.cpp(229): warning C4018: “<”: 有符号/无符号不匹配
  RoboticBiopsy.cpp
d:\opencv470\opencv\build\include\opencv2\objdetect\aruco_board.hpp : warning C4819: 该文件包含不能在当前代码页(936)中表示的字符。请将该文件保存为 Unicode 格式以防止数据丢失
d:\simon_workspace\ar_microscopy_ui\roboticbiopsy-laserspermimmobilization_0615_341\roboticbiopsy.cpp(56): warning C4311: “类型强制转换”: 从“HANDLE”到“long”的指针截断
d:\simon_workspace\ar_microscopy_ui\roboticbiopsy-laserspermimmobilization_0615_341\roboticbiopsy.cpp(56): warning C4302: “类型强制转换”: 从“HANDLE”到“long”截断
d:\simon_workspace\ar_microscopy_ui\roboticbiopsy-laserspermimmobilization_0615_341\roboticbiopsy.cpp(64): warning C4311: “类型强制转换”: 从“HANDLE”到“long”的指针截断
d:\simon_workspace\ar_microscopy_ui\roboticbiopsy-laserspermimmobilization_0615_341\roboticbiopsy.cpp(64): warning C4302: “类型强制转换”: 从“HANDLE”到“long”截断
  RoboticBiopsyDoc.cpp
  RoboticBiopsyView.cpp
d:\opencv470\opencv\build\include\opencv2\objdetect\aruco_board.hpp : warning C4819: 该文件包含不能在当前代码页(936)中表示的字符。请将该文件保存为 Unicode 格式以防止数据丢失
  Serial.cpp
d:\simon_workspace\ar_microscopy_ui\roboticbiopsy-laserspermimmobilization_0615_341\serial.cpp(26): warning C4005: “STRICT”: 宏重定义
  c:\program files (x86)\microsoft visual studio\2017\community\vc\tools\msvc\14.16.27023\atlmfc\include\afxv_w32.h(21): note: 参见“STRICT”的前一个定义
d:\simon_workspace\ar_microscopy_ui\roboticbiopsy-laserspermimmobilization_0615_341\serial.cpp(1013): warning C4267: “参数”: 从“size_t”转换到“DWORD”，可能丢失数据
d:\simon_workspace\ar_microscopy_ui\roboticbiopsy-laserspermimmobilization_0615_341\serial.cpp(1168): warning C4267: “参数”: 从“size_t”转换到“DWORD”，可能丢失数据
  SutterManip.cpp
d:\simon_workspace\ar_microscopy_ui\roboticbiopsy-laserspermimmobilization_0615_341\suttermanip.cpp(207): warning C4244: “=”: 从“double”转换到“long”，可能丢失数据
d:\simon_workspace\ar_microscopy_ui\roboticbiopsy-laserspermimmobilization_0615_341\suttermanip.cpp(208): warning C4244: “=”: 从“double”转换到“long”，可能丢失数据
d:\simon_workspace\ar_microscopy_ui\roboticbiopsy-laserspermimmobilization_0615_341\suttermanip.cpp(209): warning C4244: “=”: 从“double”转换到“long”，可能丢失数据
  prior.cpp
LINK : warning LNK4075: 忽略“/INCREMENTAL”(由于“/LTCG”规范)
LINK : warning LNK4098: 默认库“MSVCRT”与其他库的使用冲突；请使用 /NODEFAULTLIB:library
  正在生成代码
d:\simon_workspace\ar_microscopy_ui\roboticbiopsy-laserspermimmobilization_0615_341\mainfrm.h(61): warning C4715: “CMainFrame::OnCreate”: 不是所有的控件路径都返回值
  已完成代码的生成
  RoboticBiopsy.vcxproj -> D:\Simon_workspace\AR_Microscopy_UI\RoboticBiopsy-LaserSpermImmobilization_0615_341\x64\Debug\RoboticICSI-Laser-DATABASE.exe
  Microsoft (R) COFF/PE Editor Version 14.16.27048.0
  Copyright (C) Microsoft Corporation.  All rights reserved.
  
